<?xml version="1.0" encoding="UTF-8"?>
<!-- Generated by org.testng.reporters.JUnitReportReporter -->
<testsuite hostname="LAPTOP-GHVKOPQ1" failures="0" tests="4" name="testCases.TC003_LoginDDT" time="26.671" errors="0" timestamp="2025-07-04T10:48:59 IST" skipped="0">
  <testcase classname="testCases.TC003_LoginDDT" name="verify_loginDDT" time="11.348"/>
  <testcase classname="testCases.TC003_LoginDDT" name="verify_loginDDT" time="2.032"/>
  <testcase classname="testCases.TC003_LoginDDT" name="verify_loginDDT" time="11.264"/>
  <testcase classname="testCases.TC003_LoginDDT" name="verify_loginDDT" time="2.027"/>
</testsuite> <!-- testCases.TC003_LoginDDT -->
