<?xml version="1.0" encoding="UTF-8"?>
<!-- Generated by org.testng.reporters.JUnitReportReporter -->
<testsuite hostname="LAPTOP-GHVKOPQ1" failures="0" tests="1" name="testCases.TC001_AccountRegistrationTest" time="4.941" errors="0" timestamp="2025-07-07T01:41:04 IST" skipped="0">
  <testcase classname="testCases.TC001_AccountRegistrationTest" name="verify_account_registration" time="4.941"/>
</testsuite> <!-- testCases.TC001_AccountRegistrationTest -->
