<?xml version="1.0" encoding="UTF-8"?>
<!-- Generated by org.testng.reporters.JUnitReportReporter -->
<testsuite hostname="LAPTOP-GHVKOPQ1" failures="0" tests="1" name="testCases.TC002_LoginTest" time="3.297" errors="0" timestamp="2025-07-07T01:41:04 IST" skipped="0">
  <testcase classname="testCases.TC002_LoginTest" name="verify_login" time="3.297"/>
</testsuite> <!-- testCases.TC002_LoginTest -->
